<?xml version="1.0" encoding="UTF-8"?>
<testsuite name="org.example.fizzbuzz.FizzBuzzTest" tests="4" skipped="0" failures="0" errors="0" timestamp="2021-04-09T11:23:03" hostname="mini.lan" time="0.044">
  <properties/>
  <testcase name="returnBuzzTest()" classname="org.example.fizzbuzz.FizzBuzzTest" time="0.037"/>
  <testcase name="parrotTest()" classname="org.example.fizzbuzz.FizzBuzzTest" time="0.0"/>
  <testcase name="returnFizzTest()" classname="org.example.fizzbuzz.FizzBuzzTest" time="0.001"/>
  <testcase name="returnFizzBuzzTest()" classname="org.example.fizzbuzz.FizzBuzzTest" time="0.001"/>
  <system-out><![CDATA[]]></system-out>
  <system-err><![CDATA[]]></system-err>
</testsuite>
